<?xml version="1.0" encoding="UTF-8"?>
<!-- Generated by org.testng.reporters.JUnitXMLReporter -->
<testsuite hostname="SKOTA243" name="P2 Test" tests="3" failures="0" timestamp="10 Jun 2015 15:43:21 GMT" time="21.411" errors="0">
  <testcase name="loadPage" time="10.354" classname="com.launchpad.tests.Login_test"/>
  <testcase name="fillOutEmailField" time="0.439" classname="com.launchpad.tests.Login_test"/>
  <testcase name="fillOutPasswordField" time="0.206" classname="com.launchpad.tests.Login_test"/>
</testsuite> <!-- P2 Test -->
