<?xml version="1.0" encoding="UTF-8"?>
<testng-results skipped="0" failed="0" total="1" passed="1">
  <reporter-output>
    <line>
      <![CDATA[The application URL is :- http://qa.macmillanhighered.com/launchpad/myers10e]]>
    </line>
    <line>
      <![CDATA[The Browser under test is :- firefox]]>
    </line>
  </reporter-output>
  <suite name="Default suite" duration-ms="14255" started-at="2015-07-09T21:44:20Z" finished-at="2015-07-09T21:44:34Z">
    <groups>
    </groups>
    <test name="Default test" duration-ms="14255" started-at="2015-07-09T21:44:20Z" finished-at="2015-07-09T21:44:34Z">
      <class name="com.launchpad.tests.Login_test">
        <test-method status="PASS" signature="setup()[pri:0, instance:com.launchpad.tests.Login_test@725bef66]" name="setup" is-config="true" duration-ms="11168" started-at="2015-07-09T17:44:20Z" finished-at="2015-07-09T17:44:31Z">
          <reporter-output>
          </reporter-output>
        </test-method> <!-- setup -->
        <test-method status="PASS" signature="signin()[pri:0, instance:com.launchpad.tests.Login_test@725bef66]" name="signin" duration-ms="3076" started-at="2015-07-09T17:44:31Z" finished-at="2015-07-09T17:44:34Z">
          <reporter-output>
            <line>
              <![CDATA[The application URL is :- http://qa.macmillanhighered.com/launchpad/myers10e]]>
            </line>
            <line>
              <![CDATA[The Browser under test is :- firefox]]>
            </line>
          </reporter-output>
        </test-method> <!-- signin -->
        <test-method status="PASS" signature="teardown()[pri:0, instance:com.launchpad.tests.Login_test@725bef66]" name="teardown" is-config="true" duration-ms="0" started-at="2015-07-09T17:44:34Z" finished-at="2015-07-09T17:44:34Z">
          <reporter-output>
          </reporter-output>
        </test-method> <!-- teardown -->
      </class> <!-- com.launchpad.tests.Login_test -->
    </test> <!-- Default test -->
  </suite> <!-- Default suite -->
</testng-results>
